<?xml version="1.0" encoding="UTF-8"?>
<!-- Generated by org.testng.reporters.JUnitReportReporter -->
<testsuite hostname="hanying-apabi" failures="0" tests="1" name="apiTest" time="2.715" errors="0" timestamp="2019-09-20T13:42:35 CST" skipped="0">
  <testcase classname="apiTest" name="test1" time="2.715"/>
</testsuite> <!-- apiTest -->
